<?xml version="1.0" encoding="UTF-8"?>
<coverage generated="1704822442511" clover="3.2.0">
  <project timestamp="1704822442511" name="All files">
    <metrics statements="35" coveredstatements="35" conditionals="2" coveredconditionals="2" methods="2" coveredmethods="2" elements="39" coveredelements="39" complexity="0" loc="35" ncloc="35" packages="2" files="2" classes="2"/>
    <package name="controllers">
      <metrics statements="19" coveredstatements="19" conditionals="0" coveredconditionals="0" methods="0" coveredmethods="0"/>
      <file name="auth.validators.js" path="D:\15_MERN_TrainingSession_2023\skifa\api\src\controllers\auth.validators.js">
        <metrics statements="19" coveredstatements="19" conditionals="0" coveredconditionals="0" methods="0" coveredmethods="0"/>
        <line num="1" count="1" type="stmt"/>
        <line num="2" count="1" type="stmt"/>
        <line num="3" count="1" type="stmt"/>
        <line num="4" count="1" type="stmt"/>
        <line num="5" count="1" type="stmt"/>
        <line num="6" count="1" type="stmt"/>
        <line num="7" count="1" type="stmt"/>
        <line num="8" count="1" type="stmt"/>
        <line num="9" count="1" type="stmt"/>
        <line num="10" count="1" type="stmt"/>
        <line num="11" count="1" type="stmt"/>
        <line num="12" count="1" type="stmt"/>
        <line num="13" count="1" type="stmt"/>
        <line num="14" count="1" type="stmt"/>
        <line num="15" count="1" type="stmt"/>
        <line num="16" count="1" type="stmt"/>
        <line num="17" count="1" type="stmt"/>
        <line num="18" count="1" type="stmt"/>
        <line num="19" count="1" type="stmt"/>
      </file>
    </package>
    <package name="utils">
      <metrics statements="16" coveredstatements="16" conditionals="2" coveredconditionals="2" methods="2" coveredmethods="2"/>
      <file name="jws.js" path="D:\15_MERN_TrainingSession_2023\skifa\api\src\utils\jws.js">
        <metrics statements="16" coveredstatements="16" conditionals="2" coveredconditionals="2" methods="2" coveredmethods="2"/>
        <line num="1" count="1" type="stmt"/>
        <line num="2" count="1" type="stmt"/>
        <line num="3" count="1" type="cond" truecount="1" falsecount="0"/>
        <line num="4" count="2" type="stmt"/>
        <line num="5" count="2" type="stmt"/>
        <line num="6" count="2" type="stmt"/>
        <line num="7" count="2" type="stmt"/>
        <line num="8" count="1" type="stmt"/>
        <line num="9" count="1" type="cond" truecount="1" falsecount="0"/>
        <line num="10" count="1" type="stmt"/>
        <line num="11" count="1" type="stmt"/>
        <line num="12" count="1" type="stmt"/>
        <line num="13" count="1" type="stmt"/>
        <line num="14" count="1" type="stmt"/>
        <line num="15" count="1" type="stmt"/>
        <line num="16" count="1" type="stmt"/>
      </file>
    </package>
  </project>
</coverage>
